<?xml version="1.0" encoding="UTF-8"?>
<testng-results skipped="0" failed="1" total="5" passed="4">
  <reporter-output>
  </reporter-output>
  <suite name="Booker Project" duration-ms="52382" started-at="2016-02-15T06:16:03Z" finished-at="2016-02-15T06:16:55Z">
    <groups>
    </groups>
    <test name="Booker Project Test" duration-ms="52382" started-at="2016-02-15T06:16:03Z" finished-at="2016-02-15T06:16:55Z">
      <class name="bp.tests.TestContactPage">
        <test-method status="PASS" signature="testSendContactRequest()[pri:0, instance:bp.tests.TestContactPage@5c78bca]" name="testSendContactRequest" duration-ms="9269" started-at="2016-02-15T01:16:30Z" finished-at="2016-02-15T01:16:39Z">
          <reporter-output>
          </reporter-output>
        </test-method> <!-- testSendContactRequest -->
      </class> <!-- bp.tests.TestContactPage -->
      <class name="bp.tests.TestLoginPage">
        <test-method status="PASS" signature="setUp()[pri:0, instance:bp.tests.TestLoginPage@2e3d787c]" name="setUp" is-config="true" duration-ms="12866" started-at="2016-02-15T01:16:03Z" finished-at="2016-02-15T01:16:16Z">
          <reporter-output>
          </reporter-output>
        </test-method> <!-- setUp -->
        <test-method status="PASS" signature="testInvalidLogin()[pri:0, instance:bp.tests.TestLoginPage@2e3d787c]" name="testInvalidLogin" duration-ms="3680" started-at="2016-02-15T01:16:16Z" finished-at="2016-02-15T01:16:20Z">
          <reporter-output>
          </reporter-output>
        </test-method> <!-- testInvalidLogin -->
        <test-method status="PASS" signature="testRetriveCredential()[pri:0, instance:bp.tests.TestLoginPage@2e3d787c]" name="testRetriveCredential" duration-ms="293" started-at="2016-02-15T01:16:20Z" depends-on-methods="bp.tests.TestLoginPage.testInvalidLogin" finished-at="2016-02-15T01:16:20Z">
          <reporter-output>
          </reporter-output>
        </test-method> <!-- testRetriveCredential -->
        <test-method status="PASS" signature="testGetStartedLink()[pri:1, instance:bp.tests.TestLoginPage@2e3d787c]" name="testGetStartedLink" duration-ms="9477" started-at="2016-02-15T01:16:20Z" depends-on-methods="bp.tests.TestLoginPage.testInvalidLogin" finished-at="2016-02-15T01:16:30Z">
          <reporter-output>
          </reporter-output>
        </test-method> <!-- testGetStartedLink -->
        <test-method status="PASS" signature="tearDown()[pri:0, instance:bp.tests.TestLoginPage@2e3d787c]" name="tearDown" is-config="true" duration-ms="229" started-at="2016-02-15T01:16:55Z" finished-at="2016-02-15T01:16:55Z">
          <reporter-output>
          </reporter-output>
        </test-method> <!-- tearDown -->
      </class> <!-- bp.tests.TestLoginPage -->
      <class name="bp.tests.TestBlogPage">
        <test-method status="FAIL" signature="testBlogPageHeader()[pri:0, instance:bp.tests.TestBlogPage@6faa7dbc]" name="testBlogPageHeader" duration-ms="14446" started-at="2016-02-15T01:16:39Z" finished-at="2016-02-15T01:16:53Z">
          <exception class="java.lang.AssertionError">
            <message>
              <![CDATA[expected [The Booker Bloged] but found [The Booker Blog]]]>
            </message>
            <full-stacktrace>
              <![CDATA[java.lang.AssertionError: expected [The Booker Bloged] but found [The Booker Blog]
	at org.testng.Assert.fail(Assert.java:94)
	at org.testng.Assert.failNotEquals(Assert.java:513)
	at org.testng.Assert.assertEqualsImpl(Assert.java:135)
	at org.testng.Assert.assertEquals(Assert.java:116)
	at org.testng.Assert.assertEquals(Assert.java:190)
	at org.testng.Assert.assertEquals(Assert.java:200)
	at bp.tests.TestBlogPage.testBlogPageHeader(TestBlogPage.java:15)
	at sun.reflect.NativeMethodAccessorImpl.invoke0(Native Method)
	at sun.reflect.NativeMethodAccessorImpl.invoke(NativeMethodAccessorImpl.java:57)
	at sun.reflect.DelegatingMethodAccessorImpl.invoke(DelegatingMethodAccessorImpl.java:43)
	at java.lang.reflect.Method.invoke(Method.java:606)
	at org.testng.internal.MethodInvocationHelper.invokeMethod(MethodInvocationHelper.java:86)
	at org.testng.internal.Invoker.invokeMethod(Invoker.java:643)
	at org.testng.internal.Invoker.invokeTestMethod(Invoker.java:820)
	at org.testng.internal.Invoker.invokeTestMethods(Invoker.java:1128)
	at org.testng.internal.TestMethodWorker.invokeTestMethods(TestMethodWorker.java:129)
	at org.testng.internal.TestMethodWorker.run(TestMethodWorker.java:112)
	at org.testng.TestRunner.privateRun(TestRunner.java:782)
	at org.testng.TestRunner.run(TestRunner.java:632)
	at org.testng.SuiteRunner.runTest(SuiteRunner.java:366)
	at org.testng.SuiteRunner.runSequentially(SuiteRunner.java:361)
	at org.testng.SuiteRunner.privateRun(SuiteRunner.java:319)
	at org.testng.SuiteRunner.run(SuiteRunner.java:268)
	at org.testng.SuiteRunnerWorker.runSuite(SuiteRunnerWorker.java:52)
	at org.testng.SuiteRunnerWorker.run(SuiteRunnerWorker.java:86)
	at org.testng.TestNG.runSuitesSequentially(TestNG.java:1244)
	at org.testng.TestNG.runSuitesLocally(TestNG.java:1169)
	at org.testng.TestNG.run(TestNG.java:1064)
	at org.testng.remote.RemoteTestNG.run(RemoteTestNG.java:113)
	at org.testng.remote.RemoteTestNG.initAndRun(RemoteTestNG.java:206)
	at org.testng.remote.RemoteTestNG.main(RemoteTestNG.java:177)
]]>
            </full-stacktrace>
          </exception> <!-- java.lang.AssertionError -->
          <reporter-output>
          </reporter-output>
        </test-method> <!-- testBlogPageHeader -->
      </class> <!-- bp.tests.TestBlogPage -->
    </test> <!-- Booker Project Test -->
  </suite> <!-- Booker Project -->
</testng-results>
